2025-02-21 01:44:19,473 - elastic_transport.transport - INFO - HEAD https://localhost:9200/ [status:200 duration:0.042s]
2025-02-21 01:44:19,474 - es_connector - INFO - Successfully connected to ElasticSearch
2025-02-21 01:44:19,624 - elastic_transport.transport - INFO - HEAD https://localhost:9200/ [status:200 duration:0.029s]
2025-02-21 01:44:19,625 - es_connector - INFO - Successfully connected to ElasticSearch
2025-02-21 01:44:19,740 - elastic_transport.transport - INFO - POST https://localhost:9200/products/_count [status:200 duration:0.115s]
2025-02-21 01:44:31,618 - elastic_transport.transport - INFO - HEAD https://localhost:9200/ [status:200 duration:0.062s]
2025-02-21 01:44:31,618 - es_connector - INFO - Successfully connected to ElasticSearch
2025-02-21 01:44:31,762 - elastic_transport.transport - INFO - HEAD https://localhost:9200/ [status:200 duration:0.055s]
2025-02-21 01:44:31,763 - es_connector - INFO - Successfully connected to ElasticSearch
2025-02-21 01:44:31,773 - elastic_transport.transport - INFO - POST https://localhost:9200/products/_search [status:400 duration:0.011s]
2025-02-21 01:44:31,773 - es_connector - ERROR - Error during search: BadRequestError(400, 'parsing_exception', 'unknown query [query]')
2025-02-21 01:44:31,774 - data_miner - ERROR - Error querying documents: BadRequestError(400, 'parsing_exception', 'unknown query [query]')
2025-02-21 01:44:31,774 - data_miner - ERROR - Error exporting to CSV: BadRequestError(400, 'parsing_exception', 'unknown query [query]')
2025-02-21 01:44:31,775 - __main__ - ERROR - Error executing operation: BadRequestError(400, 'parsing_exception', 'unknown query [query]')
2025-02-21 01:50:39,371 - elastic_transport.transport - INFO - HEAD https://localhost:9200/ [status:200 duration:0.047s]
2025-02-21 01:50:39,372 - es_connector - INFO - Successfully connected to ElasticSearch
2025-02-21 01:50:39,485 - elastic_transport.transport - INFO - HEAD https://localhost:9200/ [status:200 duration:0.033s]
2025-02-21 01:50:39,487 - es_connector - INFO - Successfully connected to ElasticSearch
2025-02-21 01:50:39,497 - elastic_transport.transport - INFO - POST https://localhost:9200/products/_search [status:400 duration:0.010s]
2025-02-21 01:50:39,498 - es_connector - ERROR - Error during search: BadRequestError(400, 'parsing_exception', 'unknown query [query]')
2025-02-21 01:50:39,498 - data_miner - ERROR - Error querying documents: BadRequestError(400, 'parsing_exception', 'unknown query [query]')
2025-02-21 01:50:39,499 - data_miner - ERROR - Error exporting to CSV: BadRequestError(400, 'parsing_exception', 'unknown query [query]')
2025-02-21 01:50:39,500 - __main__ - ERROR - Error executing operation: BadRequestError(400, 'parsing_exception', 'unknown query [query]')
2025-02-21 01:50:55,293 - elastic_transport.transport - INFO - HEAD https://localhost:9200/ [status:200 duration:0.037s]
2025-02-21 01:50:55,293 - es_connector - INFO - Successfully connected to ElasticSearch
2025-02-21 01:50:55,413 - elastic_transport.transport - INFO - HEAD https://localhost:9200/ [status:200 duration:0.047s]
2025-02-21 01:50:55,414 - es_connector - INFO - Successfully connected to ElasticSearch
2025-02-21 01:50:55,420 - elastic_transport.transport - INFO - POST https://localhost:9200/products/_search [status:400 duration:0.005s]
2025-02-21 01:50:55,421 - es_connector - ERROR - Error during search: BadRequestError(400, 'parsing_exception', 'unknown query [query]')
2025-02-21 01:50:55,422 - data_miner - ERROR - Error querying documents: BadRequestError(400, 'parsing_exception', 'unknown query [query]')
2025-02-21 01:50:55,422 - data_miner - ERROR - Error exporting to CSV: BadRequestError(400, 'parsing_exception', 'unknown query [query]')
2025-02-21 01:50:55,423 - __main__ - ERROR - Error executing operation: BadRequestError(400, 'parsing_exception', 'unknown query [query]')
2025-02-21 01:51:46,977 - elastic_transport.transport - INFO - HEAD https://localhost:9200/ [status:200 duration:0.030s]
2025-02-21 01:51:46,977 - es_connector - INFO - Successfully connected to ElasticSearch
2025-02-21 01:51:47,095 - elastic_transport.transport - INFO - HEAD https://localhost:9200/ [status:200 duration:0.042s]
2025-02-21 01:51:47,095 - es_connector - INFO - Successfully connected to ElasticSearch
2025-02-21 01:51:47,101 - elastic_transport.transport - INFO - POST https://localhost:9200/products/_search [status:400 duration:0.005s]
2025-02-21 01:51:47,102 - es_connector - ERROR - Error during search: BadRequestError(400, 'parsing_exception', 'unknown query [query]')
2025-02-21 01:51:47,103 - data_miner - ERROR - Error querying documents: BadRequestError(400, 'parsing_exception', 'unknown query [query]')
2025-02-21 01:51:47,103 - data_miner - ERROR - Error exporting to CSV: BadRequestError(400, 'parsing_exception', 'unknown query [query]')
2025-02-21 01:51:47,103 - __main__ - ERROR - Error executing operation: BadRequestError(400, 'parsing_exception', 'unknown query [query]')
2025-02-21 01:54:29,886 - elastic_transport.transport - INFO - HEAD https://localhost:9200/ [status:200 duration:0.032s]
2025-02-21 01:54:29,886 - es_connector - INFO - Successfully connected to ElasticSearch
2025-02-21 01:54:30,003 - elastic_transport.transport - INFO - HEAD https://localhost:9200/ [status:200 duration:0.045s]
2025-02-21 01:54:30,004 - es_connector - INFO - Successfully connected to ElasticSearch
2025-02-21 01:54:30,086 - elastic_transport.transport - INFO - POST https://localhost:9200/products/_search [status:200 duration:0.082s]
2025-02-21 01:54:30,105 - data_miner - INFO - Exported 10 documents to products.csv
2025-02-21 01:54:30,106 - __main__ - INFO - Data exported to CSV: products.csv
2025-02-21 01:55:12,146 - elastic_transport.transport - INFO - HEAD https://localhost:9200/ [status:200 duration:0.047s]
2025-02-21 01:55:12,146 - es_connector - INFO - Successfully connected to ElasticSearch
2025-02-21 01:55:12,264 - elastic_transport.transport - INFO - HEAD https://localhost:9200/ [status:200 duration:0.031s]
2025-02-21 01:55:12,265 - es_connector - INFO - Successfully connected to ElasticSearch
2025-02-21 01:55:12,265 - __main__ - ERROR - Error executing operation: Expecting property name enclosed in double quotes: line 1 column 2 (char 1)
2025-02-21 01:59:06,183 - elastic_transport.transport - INFO - HEAD https://localhost:9200/ [status:200 duration:0.039s]
2025-02-21 01:59:06,184 - es_connector - INFO - Successfully connected to ElasticSearch
2025-02-21 01:59:06,285 - elastic_transport.transport - INFO - HEAD https://localhost:9200/ [status:200 duration:0.023s]
2025-02-21 01:59:06,286 - es_connector - INFO - Successfully connected to ElasticSearch
2025-02-21 01:59:06,321 - elastic_transport.transport - INFO - POST https://localhost:9200/products/_search [status:200 duration:0.035s]
2025-02-21 01:59:48,577 - elastic_transport.transport - INFO - HEAD https://localhost:9200/ [status:200 duration:0.050s]
2025-02-21 01:59:48,578 - es_connector - INFO - Successfully connected to ElasticSearch
2025-02-21 01:59:48,704 - elastic_transport.transport - INFO - HEAD https://localhost:9200/ [status:200 duration:0.052s]
2025-02-21 01:59:48,705 - es_connector - INFO - Successfully connected to ElasticSearch
2025-02-21 01:59:48,705 - __main__ - ERROR - Error executing operation: Expecting property name enclosed in double quotes: line 1 column 2 (char 1)
2025-02-21 02:00:23,313 - elastic_transport.transport - INFO - HEAD https://localhost:9200/ [status:200 duration:0.043s]
2025-02-21 02:00:23,314 - es_connector - INFO - Successfully connected to ElasticSearch
2025-02-21 02:00:23,469 - elastic_transport.transport - INFO - HEAD https://localhost:9200/ [status:200 duration:0.058s]
2025-02-21 02:00:23,469 - es_connector - INFO - Successfully connected to ElasticSearch
2025-02-21 02:00:23,485 - elastic_transport.transport - INFO - POST https://localhost:9200/products/_search [status:200 duration:0.016s]
2025-02-21 02:00:23,493 - data_miner - INFO - Exported 10 documents to expensive_products.csv
2025-02-21 02:00:23,493 - __main__ - INFO - Data exported to CSV: expensive_products.csv
2025-02-21 02:02:46,243 - elastic_transport.transport - INFO - HEAD https://localhost:9200/ [status:200 duration:0.030s]
2025-02-21 02:02:46,244 - es_connector - INFO - Successfully connected to ElasticSearch
2025-02-21 02:02:46,364 - elastic_transport.transport - INFO - HEAD https://localhost:9200/ [status:200 duration:0.025s]
2025-02-21 02:02:46,364 - es_connector - INFO - Successfully connected to ElasticSearch
2025-02-21 02:02:46,376 - elastic_transport.transport - INFO - POST https://localhost:9200/products/_search [status:200 duration:0.010s]
2025-02-21 02:02:46,381 - data_miner - ERROR - Error exporting to CSV: Cannot save file into a non-existent directory: 'output'
2025-02-21 02:02:46,382 - __main__ - ERROR - Error executing operation: Cannot save file into a non-existent directory: 'output'
2025-02-21 02:03:03,200 - elastic_transport.transport - INFO - HEAD https://localhost:9200/ [status:200 duration:0.056s]
2025-02-21 02:03:03,202 - es_connector - INFO - Successfully connected to ElasticSearch
2025-02-21 02:03:03,321 - elastic_transport.transport - INFO - HEAD https://localhost:9200/ [status:200 duration:0.046s]
2025-02-21 02:03:03,322 - es_connector - INFO - Successfully connected to ElasticSearch
2025-02-21 02:03:03,333 - elastic_transport.transport - INFO - POST https://localhost:9200/products/_search [status:200 duration:0.010s]
2025-02-21 02:03:03,340 - data_miner - INFO - Exported 10 documents to output/expensive_products.csv
2025-02-21 02:03:03,341 - __main__ - INFO - Data exported to CSV: output/expensive_products.csv
2025-02-21 02:04:12,991 - elastic_transport.transport - INFO - HEAD https://localhost:9200/ [status:200 duration:0.067s]
2025-02-21 02:04:12,992 - es_connector - INFO - Successfully connected to ElasticSearch
2025-02-21 02:04:13,116 - elastic_transport.transport - INFO - HEAD https://localhost:9200/ [status:200 duration:0.054s]
2025-02-21 02:04:13,117 - es_connector - INFO - Successfully connected to ElasticSearch
2025-02-21 02:04:13,128 - elastic_transport.transport - INFO - POST https://localhost:9200/products/_search [status:200 duration:0.010s]
2025-02-21 02:04:13,133 - data_miner - INFO - Exported 10 documents to output/products.csv
2025-02-21 02:04:13,134 - __main__ - INFO - Data exported to CSV: output/products.csv
2025-02-21 03:28:07,606 - elastic_transport.transport - INFO - HEAD https://localhost:9200/ [status:200 duration:0.083s]
2025-02-21 03:28:07,608 - es_connector - INFO - Successfully connected to ElasticSearch
2025-02-21 03:28:07,776 - elastic_transport.transport - INFO - HEAD https://localhost:9200/ [status:200 duration:0.088s]
2025-02-21 03:28:07,776 - es_connector - INFO - Successfully connected to ElasticSearch
2025-02-21 03:28:07,885 - elastic_transport.transport - INFO - POST https://localhost:9200/products/_count [status:200 duration:0.109s]
2025-02-21 03:28:32,249 - elastic_transport.transport - INFO - HEAD https://localhost:9200/ [status:200 duration:0.056s]
2025-02-21 03:28:32,250 - es_connector - INFO - Successfully connected to ElasticSearch
2025-02-21 03:28:32,426 - elastic_transport.transport - INFO - HEAD https://localhost:9200/ [status:200 duration:0.059s]
2025-02-21 03:28:32,426 - es_connector - INFO - Successfully connected to ElasticSearch
2025-02-21 03:28:32,567 - elastic_transport.transport - INFO - POST https://localhost:9200/products/_search [status:200 duration:0.140s]
2025-02-21 03:28:32,595 - data_miner - INFO - Exported 10 documents to products.csv
2025-02-21 03:28:32,596 - __main__ - INFO - Data exported to CSV: products.csv
2025-02-21 03:36:06,410 - elastic_transport.transport - INFO - HEAD https://localhost:9200/ [status:200 duration:0.125s]
2025-02-21 03:36:06,411 - es_connector - INFO - Successfully connected to ElasticSearch
2025-02-21 03:36:06,722 - elastic_transport.transport - INFO - HEAD https://localhost:9200/ [status:200 duration:0.110s]
2025-02-21 03:36:06,722 - es_connector - INFO - Successfully connected to ElasticSearch
2025-02-21 03:36:06,749 - elastic_transport.transport - INFO - POST https://localhost:9200/products/_search [status:200 duration:0.026s]
2025-02-21 03:36:06,762 - data_miner - INFO - Exported 10 documents to products.csv
2025-02-21 03:36:06,763 - __main__ - INFO - Data exported to CSV: products.csv
2025-02-21 03:36:36,609 - elastic_transport.transport - INFO - HEAD https://localhost:9200/ [status:200 duration:0.055s]
2025-02-21 03:36:36,609 - es_connector - INFO - Successfully connected to ElasticSearch
2025-02-21 03:36:36,772 - elastic_transport.transport - INFO - HEAD https://localhost:9200/ [status:200 duration:0.079s]
2025-02-21 03:36:36,772 - es_connector - INFO - Successfully connected to ElasticSearch
2025-02-21 03:36:36,812 - elastic_transport.transport - INFO - POST https://localhost:9200/products/_search [status:200 duration:0.039s]
2025-02-21 03:37:04,939 - elastic_transport.transport - INFO - HEAD https://localhost:9200/ [status:200 duration:0.038s]
2025-02-21 03:37:04,939 - es_connector - INFO - Successfully connected to ElasticSearch
2025-02-21 03:37:05,100 - elastic_transport.transport - INFO - HEAD https://localhost:9200/ [status:200 duration:0.061s]
2025-02-21 03:37:05,100 - es_connector - INFO - Successfully connected to ElasticSearch
2025-02-21 03:37:05,116 - elastic_transport.transport - INFO - POST https://localhost:9200/products/_search [status:200 duration:0.015s]
2025-02-21 03:37:05,122 - data_miner - INFO - Exported 10 documents to expensive_products.csv
2025-02-21 03:37:05,122 - __main__ - INFO - Data exported to CSV: expensive_products.csv
